<?xml version="1.0" encoding="UTF-8"?>
<testsuites>
  <testsuite name="InterfaceTest" file="/home/phpunit_test/InterfaceTest.php" tests="3" assertions="3" failures="1" errors="0" time="1.105969">
    <testsuite name="InterfaceTest::testListAll" tests="3" assertions="3" failures="1" errors="0" time="1.105969">
      <testcase name="testListAll with data set #0" assertions="1" time="0.655944">
        <failure type="PHPUnit_Framework_ExpectationFailedException">InterfaceTest::testListAll with data set #0 ('delUser', 'aofei', '1', '1', '1', '15692005742', '0')
Failed asserting that 1 matches expected '0'.

/home/phpunit_test/InterfaceTest.php:56
</failure>
        <system-out>Array
(
    [result] =&gt; 1
    [code] =&gt; 1
    [msg] =&gt; 删除成功
    [data] =&gt; Array
        (
        )

)
</system-out>
      </testcase>
      <testcase name="testListAll with data set #1" assertions="1" time="0.217325">
        <system-out>Array
(
    [result] =&gt; 0
    [code] =&gt; 0
    [msg] =&gt; 帐号不存在
    [data] =&gt; Array
        (
        )

)
</system-out>
      </testcase>
      <testcase name="testListAll with data set #2" assertions="1" time="0.232700">
        <system-out>Array
(
    [result] =&gt; 0
    [code] =&gt; 0
    [msg] =&gt; 帐号不存在
    [data] =&gt; Array
        (
        )

)
</system-out>
      </testcase>
    </testsuite>
  </testsuite>
</testsuites>
